<?xml version="1.0" encoding="UTF-8"?>
<!-- Generated by org.testng.reporters.JUnitReportReporter -->
<testsuite hostname="DESKTOP-TCUNQVS" failures="0" tests="1" name="SeleniumTest" time="5.183" errors="0" timestamp="2023-01-29T09:44:20 CET" skipped="0">
  <testcase classname="SeleniumTest" name="test1" time="5.183"/>
  <system-out/>
</testsuite> <!-- SeleniumTest -->
